app/build/outputs/mapping/release/mapping.txt
# compiler: R8
# compiler_version: 8.5.10
# min_api: 21
# common_typos_disable
# {"id":"com.android.tools.r8.mapping","version":"2.2"}
# pg_map_id: bd13d8e
# pg_map_hash: SHA-256 bd13d8e2cca4dcf6ff479aa41e7e83e5916fec27bb79148821a8c0c5b017192c
com.gitaspeaks.pwa.Application -> com.gitaspeaks.pwa.Application:
# {"id":"sourceFile","fileName":"Application.java"}
com.gitaspeaks.pwa.DelegationService -> com.gitaspeaks.pwa.DelegationService:
# {"id":"sourceFile","fileName":"DelegationService.java"}
com.gitaspeaks.pwa.LauncherActivity -> com.gitaspeaks.pwa.LauncherActivity:
# {"id":"sourceFile","fileName":"LauncherActivity.java"}
    1:1:android.net.Uri getLaunchingUrl():0:0 -> h
...
androidx.core.app.BundleCompat -> i.c:
# {"id":"sourceFile","fileName":"BundleCompat.java"}
    1:4:void putBinder(android.os.Bundle,java.lang.String,android.os.IBinder):0:0 -> a
androidx.core.app.CoreComponentFactory -> androidx.core.app.CoreComponentFactory:
# {"id":"sourceFile","fileName":"CoreComponentFactory.java"}
    1:1:java.lang.Object checkCompatWrapper(java.lang.Object):0:0 -> a
androidx.core.app.NotificationManagerCompat -> i.e:
# {"id":"sourceFile","fileName":"NotificationManagerCompat.java"}
    android.content.Context mContext -> a
    android.app.NotificationManager mNotificationManager -> b
    java.lang.Object sEnabledNotificationListenersLock -> c
    java.util.Set sEnabledNotificationListenerPackages -> d
    java.lang.Object sLock -> e
    1:22:void <clinit>():0:0 -> <clinit>
    1:16:void <init>(android.content.Context):0:0 -> <init>
    5:117:boolean areNotificationsEnabled():0:0 -> a
    1:12:void createNotificationChannel(android.app.NotificationChannel):0:0 -> b
    1:6:androidx.core.app.NotificationManagerCompat from(android.content.Context):0:0 -> c
      # {"id":"com.android.tools.r8.residualsignature","signature":"(Landroid/content/Context;)Li/e;"}
    1:15:android.app.NotificationChannel getNotificationChannel(java.lang.String):0:0 -> d
androidx.core.app.NotificationManagerCompat$$ExternalSyntheticApiModelOutline0 -> i.d:
# {"id":"sourceFile","fileName":"R8$$SyntheticClass"}
# {"id":"com.android.tools.r8.synthesized"}
    1:1:boolean i.NotificationManagerCompat$$ExternalSyntheticApiModelOutline0.m(android.app.NotificationManager):0:0 -> a
      # {"id":"com.android.tools.r8.synthesized"}
androidx.core.app.RemoteActionCompat -> androidx.core.app.RemoteActionCompat:
# {"id":"sourceFile","fileName":"RemoteActionCompat.java"}
    androidx.core.graphics.drawable.IconCompat mIcon -> a
    java.lang.CharSequence mTitle -> b
    java.lang.CharSequence mContentDescription -> c
    android.app.PendingIntent mActionIntent -> d
    boolean mEnabled -> e
    boolean mShouldShowIcon -> f
androidx.core.app.RemoteActionCompatParcelizer -> androidx.core.app.RemoteActionCompatParcelizer:
# {"id":"sourceFile","fileName":"RemoteActionCompatParcelizer.java"}
androidx.core.content.ContextCompat -> j.b:
# {"id":"sourceFile","fileName":"ContextCompat.java"}
    java.lang.Object sLock -> a
    1:8:void <clinit>():0:0 -> <clinit>
    1:20:int getColor(android.content.Context,int):0:0 -> a
    1:5:android.graphics.drawable.Drawable getDrawable(android.content.Context,int):0:0 -> b
    1:5:java.io.File[] getExternalCacheDirs(android.content.Context):0:0 -> c
    1:5:java.io.File[] getExternalFilesDirs(android.content.Context,java.lang.String):0:0 -> d
    1:4:void startActivity(android.content.Context,android.content.Intent,android.os.Bundle):0:0 -> e
androidx.core.content.ContextCompat$$ExternalSyntheticApiModelOutline0 -> j.a:
# {"id":"sourceFile","fileName":"R8$$SyntheticClass"}
# {"id":"com.android.tools.r8.synthesized"}
    1:1:int j.ContextCompat$$ExternalSyntheticApiModelOutline0.m(android.content.Context,int):0:0 -> a
      # {"id":"com.android.tools.r8.synthesized"}