app/build/outputs/mapping/release/usage.txt
com.gitaspeaks.pwa.R$bool
com.gitaspeaks.pwa.R$color
com.gitaspeaks.pwa.R$drawable
com.gitaspeaks.pwa.R$integer
com.gitaspeaks.pwa.R$mipmap
com.gitaspeaks.pwa.R$raw
com.gitaspeaks.pwa.R$string
com.gitaspeaks.pwa.R$xml
com.gitaspeaks.pwa.R
...
androidx.core.text.TextDirectionHeuristicsCompat$FirstStrong
androidx.core.text.TextDirectionHeuristicsCompat$TextDirectionAlgorithm
androidx.core.text.TextDirectionHeuristicsCompat$TextDirectionHeuristicImpl
androidx.core.text.TextDirectionHeuristicsCompat$TextDirectionHeuristicInternal
androidx.core.text.TextDirectionHeuristicsCompat$TextDirectionHeuristicLocale
androidx.core.text.TextDirectionHeuristicsCompat
androidx.core.text.TextUtilsCompat
androidx.core.text.util.FindAddress$ZipRange
androidx.core.text.util.FindAddress
androidx.core.text.util.LinkifyCompat$1
androidx.core.text.util.LinkifyCompat$LinkSpec
androidx.core.text.util.LinkifyCompat$LinkifyMask
androidx.core.text.util.LinkifyCompat
androidx.core.util.AtomicFile
androidx.core.util.Consumer
androidx.core.util.DebugUtils
androidx.core.util.LogWriter
androidx.core.util.ObjectsCompat
androidx.core.util.Pair
androidx.core.util.PatternsCompat
androidx.core.util.Pools$Pool
androidx.core.util.Pools$SimplePool
androidx.core.util.Pools$SynchronizedPool
androidx.core.util.Pools
androidx.core.util.Preconditions
androidx.core.util.Supplier
androidx.core.util.TimeUtils
androidx.core.view.AccessibilityDelegateCompat$AccessibilityDelegateAdapter
androidx.core.view.AccessibilityDelegateCompat
androidx.core.view.ActionProvider$SubUiVisibilityListener
androidx.core.view.ActionProvider$VisibilityListener
androidx.core.view.ActionProvider
androidx.core.view.DisplayCutoutCompat
androidx.core.view.DragAndDropPermissionsCompat
androidx.core.view.DragStartHelper$1
androidx.core.view.DragStartHelper$2
androidx.core.view.DragStartHelper$OnDragStartListener
androidx.core.view.DragStartHelper
androidx.core.view.GestureDetectorCompat$GestureDetectorCompatImpl
androidx.core.view.GestureDetectorCompat$GestureDetectorCompatImplBase$GestureHandler
androidx.core.view.GestureDetectorCompat$GestureDetectorCompatImplBase
androidx.core.view.GestureDetectorCompat$GestureDetectorCompatImplJellybeanMr2
androidx.core.view.GestureDetectorCompat
androidx.core.view.GravityCompat
androidx.core.view.InputDeviceCompat
androidx.core.view.KeyEventDispatcher$Component
androidx.core.view.KeyEventDispatcher
androidx.core.view.LayoutInflaterCompat$Factory2Wrapper
androidx.core.view.LayoutInflaterCompat
androidx.core.view.LayoutInflaterFactory
androidx.core.view.MarginLayoutParamsCompat
androidx.core.view.MenuCompat
androidx.core.view.MenuItemCompat$1
androidx.core.view.MenuItemCompat$OnActionExpandListener
androidx.core.view.MenuItemCompat
androidx.core.view.MotionEventCompat
androidx.core.view.NestedScrollingChild2
androidx.core.view.NestedScrollingChild3
androidx.core.view.NestedScrollingChild
androidx.core.view.NestedScrollingChildHelper
androidx.core.view.NestedScrollingParent2
androidx.core.view.NestedScrollingParent3
androidx.core.view.NestedScrollingParent
androidx.core.view.NestedScrollingParentHelper
androidx.core.view.OnApplyWindowInsetsListener
androidx.core.view.OneShotPreDrawListener
androidx.core.view.PointerIconCompat
androidx.core.view.ScaleGestureDetectorCompat
androidx.core.view.ScrollingView
androidx.core.view.TintableBackgroundView
androidx.core.view.VelocityTrackerCompat
androidx.core.view.ViewCompat$1
androidx.core.view.ViewCompat$2
androidx.core.view.ViewCompat$3
androidx.core.view.ViewCompat$4
androidx.core.view.ViewCompat$5
androidx.core.view.ViewCompat$AccessibilityPaneVisibilityManager
androidx.core.view.ViewCompat$AccessibilityViewProperty
androidx.core.view.ViewCompat$FocusDirection
androidx.core.view.ViewCompat$FocusRealDirection
androidx.core.view.ViewCompat$FocusRelativeDirection
androidx.core.view.ViewCompat$NestedScrollType
androidx.core.view.ViewCompat$OnUnhandledKeyEventListenerCompat
androidx.core.view.ViewCompat$ScrollAxis
androidx.core.view.ViewCompat$ScrollIndicators
androidx.core.view.ViewCompat$UnhandledKeyEventManager
androidx.core.view.ViewCompat
androidx.core.view.ViewConfigurationCompat
androidx.core.view.ViewGroupCompat
androidx.core.view.ViewParentCompat